<?xml version="1.0" encoding="UTF-8"?>
<!-- Generated by org.testng.reporters.JUnitReportReporter -->
<testsuite hostname="LAPTOP-GGJ4726G" failures="0" tests="1" name="Base.base" time="7.795" errors="0" timestamp="2019-09-22T16:08:06 EDT" skipped="0">
  <testcase classname="Base.base" name="testing" time="7.795"/>
</testsuite> <!-- Base.base -->
